<?xml version="1.0" encoding="UTF-8"?>
<!-- Generated by org.testng.reporters.JUnitXMLReporter -->
<testsuite ignored="0" hostname="Balaji" failures="0" tests="3" name="SubmitOrderTest" time="44.556" errors="0" timestamp="2025-06-01T19:37:17 IST">
  <testcase classname="com.testend.pageobjectmodel.SubmitOrderTest" name="submitTest" time="14.229"/>
  <testcase classname="com.testend.pageobjectmodel.SubmitOrderTest" name="submitTest" time="14.325"/>
  <testcase classname="com.testend.pageobjectmodel.SubmitOrderTest" name="orderHistoryTest" time="0.516"/>
</testsuite> <!-- SubmitOrderTest -->
