<?xml version="1.0" encoding="UTF-8"?>
<testng-results ignored="0" total="5" passed="4" failed="1" skipped="0">
  <reporter-output>
  </reporter-output>
  <suite started-at="2025-06-01T19:35:58 IST" name="Suite" finished-at="2025-06-01T19:37:16 IST" duration-ms="78948">
    <groups>
    </groups>
    <test started-at="2025-06-01T19:35:58 IST" name="ErrorValidationTest" finished-at="2025-06-01T19:36:32 IST" duration-ms="33987">
      <class name="com.testend.pageobjectmodel.ErrorValidation">
        <test-method is-config="true" signature="launchApplication()[pri:0, instance:com.testend.pageobjectmodel.ErrorValidation@72035809]" started-at="2025-06-01T19:35:58 IST" name="launchApplication" finished-at="2025-06-01T19:36:02 IST" duration-ms="4764" status="PASS">
          <reporter-output>
          </reporter-output>
        </test-method> <!-- launchApplication -->
        <test-method signature="loginTest()[pri:0, instance:com.testend.pageobjectmodel.ErrorValidation@72035809]" started-at="2025-06-01T19:36:02 IST" name="loginTest" finished-at="2025-06-01T19:36:03 IST" duration-ms="922" status="PASS">
          <reporter-output>
          </reporter-output>
        </test-method> <!-- loginTest -->
        <test-method is-config="true" signature="teardown()[pri:0, instance:com.testend.pageobjectmodel.ErrorValidation@72035809]" started-at="2025-06-01T19:36:03 IST" name="teardown" finished-at="2025-06-01T19:36:03 IST" duration-ms="64" status="PASS">
          <reporter-output>
          </reporter-output>
        </test-method> <!-- teardown -->
        <test-method is-config="true" signature="launchApplication()[pri:0, instance:com.testend.pageobjectmodel.ErrorValidation@72035809]" started-at="2025-06-01T19:36:03 IST" name="launchApplication" finished-at="2025-06-01T19:36:07 IST" duration-ms="3280" status="PASS">
          <reporter-output>
          </reporter-output>
        </test-method> <!-- launchApplication -->
        <test-method signature="productErrorValidation()[pri:0, instance:com.testend.pageobjectmodel.ErrorValidation@72035809]" started-at="2025-06-01T19:36:07 IST" name="productErrorValidation" finished-at="2025-06-01T19:36:31 IST" duration-ms="24324" status="FAIL">
          <exception class="org.openqa.selenium.TimeoutException">
            <message>
              <![CDATA[Expected condition failed: waiting for visibility of element located by By.cssSelector: .mb-3 (tried for 20 second(s) with 500 milliseconds interval)
Build info: version: '4.20.0', revision: '866c76ca80'
System info: os.name: 'Windows 11', os.arch: 'amd64', os.version: '10.0', java.version: '17.0.15'
Driver info: org.openqa.selenium.edge.EdgeDriver
Capabilities {acceptInsecureCerts: false, browserName: MicrosoftEdge, browserVersion: 136.0.3240.92, fedcm:accounts: true, ms:edgeOptions: {debuggerAddress: localhost:52543}, msedge: {msedgedriverVersion: 136.0.3240.104 (6a705373902..., userDataDir: C:\Users\balas\AppData\Loca...}, networkConnectionEnabled: false, pageLoadStrategy: normal, platformName: windows, proxy: Proxy(), se:cdp: ws://localhost:52543/devtoo..., se:cdpVersion: 136.0.3240.92, setWindowRect: true, strictFileInteractability: false, timeouts: {implicit: 0, pageLoad: 300000, script: 30000}, unhandledPromptBehavior: dismiss and notify, webauthn:extension:credBlob: true, webauthn:extension:largeBlob: true, webauthn:extension:minPinLength: true, webauthn:extension:prf: true, webauthn:virtualAuthenticators: true}
Session ID: 91c21961e947d25870196526395361ea]]>
            </message>
            <full-stacktrace>
              <![CDATA[org.openqa.selenium.TimeoutException: Expected condition failed: waiting for visibility of element located by By.cssSelector: .mb-3 (tried for 20 second(s) with 500 milliseconds interval)
Build info: version: '4.20.0', revision: '866c76ca80'
System info: os.name: 'Windows 11', os.arch: 'amd64', os.version: '10.0', java.version: '17.0.15'
Driver info: org.openqa.selenium.edge.EdgeDriver
Capabilities {acceptInsecureCerts: false, browserName: MicrosoftEdge, browserVersion: 136.0.3240.92, fedcm:accounts: true, ms:edgeOptions: {debuggerAddress: localhost:52543}, msedge: {msedgedriverVersion: 136.0.3240.104 (6a705373902..., userDataDir: C:\Users\balas\AppData\Loca...}, networkConnectionEnabled: false, pageLoadStrategy: normal, platformName: windows, proxy: Proxy(), se:cdp: ws://localhost:52543/devtoo..., se:cdpVersion: 136.0.3240.92, setWindowRect: true, strictFileInteractability: false, timeouts: {implicit: 0, pageLoad: 300000, script: 30000}, unhandledPromptBehavior: dismiss and notify, webauthn:extension:credBlob: true, webauthn:extension:largeBlob: true, webauthn:extension:minPinLength: true, webauthn:extension:prf: true, webauthn:virtualAuthenticators: true}
Session ID: 91c21961e947d25870196526395361ea
at org.openqa.selenium.support.ui.WebDriverWait.timeoutException(WebDriverWait.java:84)
at org.openqa.selenium.support.ui.FluentWait.until(FluentWait.java:228)
at com.testend.abstractcomponents.AbstractComponents.waituntilElementAppear(AbstractComponents.java:39)
at com.testend.pageobjectmodel.ProductCatalogue.getProductList(ProductCatalogue.java:44)
at com.testend.pageobjectmodel.ErrorValidation.productErrorValidation(ErrorValidation.java:39)
at java.base/jdk.internal.reflect.NativeMethodAccessorImpl.invoke0(Native Method)
at java.base/jdk.internal.reflect.NativeMethodAccessorImpl.invoke(NativeMethodAccessorImpl.java:77)
at java.base/jdk.internal.reflect.DelegatingMethodAccessorImpl.invoke(DelegatingMethodAccessorImpl.java:43)
at java.base/java.lang.reflect.Method.invoke(Method.java:569)
at org.testng.internal.invokers.MethodInvocationHelper.invokeMethod(MethodInvocationHelper.java:141)
at org.testng.internal.invokers.TestInvoker.invokeMethod(TestInvoker.java:686)
at org.testng.internal.invokers.TestInvoker.invokeTestMethod(TestInvoker.java:230)
at org.testng.internal.invokers.MethodRunner.runInSequence(MethodRunner.java:63)
at org.testng.internal.invokers.TestInvoker$MethodInvocationAgent.invoke(TestInvoker.java:992)
at org.testng.internal.invokers.TestInvoker.invokeTestMethods(TestInvoker.java:203)
at org.testng.internal.invokers.TestMethodWorker.invokeTestMethods(TestMethodWorker.java:154)
at org.testng.internal.invokers.TestMethodWorker.run(TestMethodWorker.java:134)
at java.base/java.util.ArrayList.forEach(ArrayList.java:1511)
at org.testng.TestRunner.privateRun(TestRunner.java:739)
at org.testng.TestRunner.run(TestRunner.java:614)
at org.testng.SuiteRunner.runTest(SuiteRunner.java:421)
at org.testng.SuiteRunner.runSequentially(SuiteRunner.java:413)
at org.testng.SuiteRunner.privateRun(SuiteRunner.java:373)
at org.testng.SuiteRunner.run(SuiteRunner.java:312)
at org.testng.SuiteRunnerWorker.runSuite(SuiteRunnerWorker.java:52)
at org.testng.SuiteRunnerWorker.run(SuiteRunnerWorker.java:95)
at org.testng.TestNG.runSuitesSequentially(TestNG.java:1274)
at org.testng.TestNG.runSuitesLocally(TestNG.java:1208)
at org.testng.TestNG.runSuites(TestNG.java:1112)
at org.testng.TestNG.run(TestNG.java:1079)
at org.apache.maven.surefire.testng.TestNGExecutor.run(TestNGExecutor.java:308)
at org.apache.maven.surefire.testng.TestNGXmlTestSuite.execute(TestNGXmlTestSuite.java:71)
at org.apache.maven.surefire.testng.TestNGProvider.invoke(TestNGProvider.java:113)
at org.apache.maven.surefire.booter.ForkedBooter.runSuitesInProcess(ForkedBooter.java:385)
at org.apache.maven.surefire.booter.ForkedBooter.execute(ForkedBooter.java:162)
at org.apache.maven.surefire.booter.ForkedBooter.run(ForkedBooter.java:507)
at org.apache.maven.surefire.booter.ForkedBooter.main(ForkedBooter.java:495)
]]>
            </full-stacktrace>
          </exception> <!-- org.openqa.selenium.TimeoutException -->
          <reporter-output>
          </reporter-output>
        </test-method> <!-- productErrorValidation -->
        <test-method is-config="true" signature="teardown()[pri:0, instance:com.testend.pageobjectmodel.ErrorValidation@72035809]" started-at="2025-06-01T19:36:31 IST" name="teardown" finished-at="2025-06-01T19:36:32 IST" duration-ms="95" status="PASS">
          <reporter-output>
          </reporter-output>
        </test-method> <!-- teardown -->
      </class> <!-- com.testend.pageobjectmodel.ErrorValidation -->
    </test> <!-- ErrorValidationTest -->
    <test started-at="2025-06-01T19:36:32 IST" name="SubmitOrderTest" finished-at="2025-06-01T19:37:16 IST" duration-ms="44556">
      <class name="com.testend.pageobjectmodel.SubmitOrderTest">
        <test-method is-config="true" signature="launchApplication()[pri:0, instance:com.testend.pageobjectmodel.SubmitOrderTest@4b8d604b]" started-at="2025-06-01T19:36:32 IST" name="launchApplication" finished-at="2025-06-01T19:36:37 IST" duration-ms="5152" status="PASS">
          <reporter-output>
          </reporter-output>
        </test-method> <!-- launchApplication -->
        <test-method signature="submitTest(java.util.HashMap)[pri:0, instance:com.testend.pageobjectmodel.SubmitOrderTest@4b8d604b]" started-at="2025-06-01T19:36:37 IST" name="submitTest" data-provider="getData" finished-at="2025-06-01T19:36:52 IST" duration-ms="14229" status="PASS">
          <params>
            <param index="0">
              <value>
                <![CDATA[{password=Kgf@2000, product=ZARA COAT 3, email=balasb477@gmail.com}]]>
              </value>
            </param>
          </params>
          <reporter-output>
          </reporter-output>
        </test-method> <!-- submitTest -->
        <test-method is-config="true" signature="teardown()[pri:0, instance:com.testend.pageobjectmodel.SubmitOrderTest@4b8d604b]" started-at="2025-06-01T19:36:52 IST" name="teardown" finished-at="2025-06-01T19:36:52 IST" duration-ms="193" status="PASS">
          <reporter-output>
          </reporter-output>
        </test-method> <!-- teardown -->
        <test-method is-config="true" signature="launchApplication()[pri:0, instance:com.testend.pageobjectmodel.SubmitOrderTest@4b8d604b]" started-at="2025-06-01T19:36:52 IST" name="launchApplication" finished-at="2025-06-01T19:36:56 IST" duration-ms="4240" status="PASS">
          <reporter-output>
          </reporter-output>
        </test-method> <!-- launchApplication -->
        <test-method signature="submitTest(java.util.HashMap)[pri:0, instance:com.testend.pageobjectmodel.SubmitOrderTest@4b8d604b]" started-at="2025-06-01T19:36:56 IST" name="submitTest" data-provider="getData" finished-at="2025-06-01T19:37:10 IST" duration-ms="14325" status="PASS">
          <params>
            <param index="0">
              <value>
                <![CDATA[{password=Iamking@000, product=ADIDAS ORIGINAL, email=shetty@gmail.com}]]>
              </value>
            </param>
          </params>
          <reporter-output>
          </reporter-output>
        </test-method> <!-- submitTest -->
        <test-method is-config="true" signature="teardown()[pri:0, instance:com.testend.pageobjectmodel.SubmitOrderTest@4b8d604b]" started-at="2025-06-01T19:37:10 IST" name="teardown" finished-at="2025-06-01T19:37:11 IST" duration-ms="177" status="PASS">
          <reporter-output>
          </reporter-output>
        </test-method> <!-- teardown -->
        <test-method is-config="true" signature="launchApplication()[pri:0, instance:com.testend.pageobjectmodel.SubmitOrderTest@4b8d604b]" started-at="2025-06-01T19:37:11 IST" name="launchApplication" finished-at="2025-06-01T19:37:16 IST" duration-ms="5288" status="PASS">
          <reporter-output>
          </reporter-output>
        </test-method> <!-- launchApplication -->
        <test-method signature="orderHistoryTest()[pri:0, instance:com.testend.pageobjectmodel.SubmitOrderTest@4b8d604b]" started-at="2025-06-01T19:37:16 IST" name="orderHistoryTest" finished-at="2025-06-01T19:37:16 IST" depends-on-methods="com.testend.pageobjectmodel.SubmitOrderTest.submitTest" duration-ms="516" status="PASS">
          <reporter-output>
          </reporter-output>
        </test-method> <!-- orderHistoryTest -->
        <test-method is-config="true" signature="teardown()[pri:0, instance:com.testend.pageobjectmodel.SubmitOrderTest@4b8d604b]" started-at="2025-06-01T19:37:16 IST" name="teardown" finished-at="2025-06-01T19:37:16 IST" duration-ms="146" status="PASS">
          <reporter-output>
          </reporter-output>
        </test-method> <!-- teardown -->
      </class> <!-- com.testend.pageobjectmodel.SubmitOrderTest -->
    </test> <!-- SubmitOrderTest -->
  </suite> <!-- Suite -->
</testng-results>
